0 verbose cli /usr/local/bin/node /usr/local/bin/npm
1 info using npm@11.5.2
2 info using node@v20.18.0
3 silly config load:file:/usr/local/lib/node_modules/npm/npmrc
4 info config found workspace root at /Users/knight/Apps/get-plot/API
5 silly config load:file:/Users/knight/Apps/get-plot/API/.npmrc
6 silly config load:file:/Users/knight/.npmrc
7 silly config load:file:/usr/local/etc/npmrc
8 verbose title npm install
9 verbose argv "install"
10 verbose logfile logs-max:10 dir:/Users/knight/Apps/get-plot/.npm-cache/_logs/2025-11-12T16_21_31_291Z-
11 verbose logfile /Users/knight/Apps/get-plot/.npm-cache/_logs/2025-11-12T16_21_31_291Z-debug-0.log
12 silly logfile start cleaning logs, removing 1 files
13 silly logfile done cleaning log files
14 silly packumentCache heap:4345298944 maxSize:1086324736 maxEntrySize:543162368
15 verbose shrinkwrap failed to load node_modules/.package-lock.json out of date, updated: node_modules
16 silly idealTree buildDeps
17 silly reify mark retired [
17 silly reify   '/Users/knight/Apps/get-plot/API/node_modules/babel-plugin-istanbul'
17 silly reify ]
18 silly reify mark retired [ '/Users/knight/Apps/get-plot/API/node_modules/basic-auth' ]
19 silly reify mark retired [ '/Users/knight/Apps/get-plot/API/node_modules/body-parser' ]
20 silly reify mark retired [ '/Users/knight/Apps/get-plot/API/node_modules/caniuse-lite' ]
21 silly reify mark retired [ '/Users/knight/Apps/get-plot/API/node_modules/chalk' ]
22 silly reify mark retired [ '/Users/knight/Apps/get-plot/API/node_modules/chokidar' ]
23 silly reify mark retired [ '/Users/knight/Apps/get-plot/API/node_modules/cliui' ]
24 silly reify mark retired [ '/Users/knight/Apps/get-plot/API/node_modules/color' ]
25 silly reify mark retired [ '/Users/knight/Apps/get-plot/API/node_modules/color-string' ]
26 silly reify mark retired [ '/Users/knight/Apps/get-plot/API/node_modules/electron-to-chromium' ]
27 silly reify mark retired [ '/Users/knight/Apps/get-plot/API/node_modules/execa' ]
28 silly reify mark retired [ '/Users/knight/Apps/get-plot/API/node_modules/express' ]
29 silly reify mark retired [ '/Users/knight/Apps/get-plot/API/node_modules/finalhandler' ]
30 silly reify mark retired [ '/Users/knight/Apps/get-plot/API/node_modules/fs-minipass' ]
31 silly reify mark retired [ '/Users/knight/Apps/get-plot/API/node_modules/gauge' ]
32 silly reify mark retired [
32 silly reify   '/Users/knight/Apps/get-plot/API/node_modules/istanbul-lib-instrument'
32 silly reify ]
33 silly reify mark retired [ '/Users/knight/Apps/get-plot/API/node_modules/istanbul-lib-report' ]
34 silly reify mark retired [ '/Users/knight/Apps/get-plot/API/node_modules/jest-validate' ]
35 silly reify mark retired [ '/Users/knight/Apps/get-plot/API/node_modules/jest-snapshot' ]
36 silly reify mark retired [ '/Users/knight/Apps/get-plot/API/node_modules/jsonwebtoken' ]
37 silly reify mark retired [ '/Users/knight/Apps/get-plot/API/node_modules/minizlib' ]
38 silly reify mark retired [ '/Users/knight/Apps/get-plot/API/node_modules/morgan' ]
39 silly reify mark retired [ '/Users/knight/Apps/get-plot/API/node_modules/nodemon' ]
40 silly reify mark retired [ '/Users/knight/Apps/get-plot/API/node_modules/pkg-dir' ]
41 silly reify mark retired [ '/Users/knight/Apps/get-plot/API/node_modules/pretty-format' ]
42 silly reify mark retired [ '/Users/knight/Apps/get-plot/API/node_modules/resolve-cwd' ]
43 silly reify mark retired [ '/Users/knight/Apps/get-plot/API/node_modules/send' ]
44 silly reify mark retired [
44 silly reify   '/Users/knight/Apps/get-plot/API/node_modules/simple-update-notifier'
44 silly reify ]
45 silly reify mark retired [ '/Users/knight/Apps/get-plot/API/node_modules/stack-utils' ]
46 silly reify mark retired [ '/Users/knight/Apps/get-plot/API/node_modules/tar' ]
47 silly reify mark retired [ '/Users/knight/Apps/get-plot/API/node_modules/superagent' ]
48 silly reify mark retired [ '/Users/knight/Apps/get-plot/API/node_modules/validator' ]
49 silly reify mark retired [ '/Users/knight/Apps/get-plot/API/node_modules/wide-align' ]
50 silly reify mark retired [ '/Users/knight/Apps/get-plot/API/node_modules/yargs' ]
51 silly reify mark retired [
51 silly reify   '/Users/knight/Apps/get-plot/API/node_modules/@istanbuljs/load-nyc-config'
51 silly reify ]
52 silly reify mark retired [ '/Users/knight/Apps/get-plot/API/node_modules/@mapbox/node-pre-gyp' ]
53 silly reify mark retired [ '/Users/knight/Apps/get-plot/API/node_modules/@redis/client' ]
54 silly reify mark retired [ '/Users/knight/Apps/get-plot/API/node_modules/@sideway/address' ]
55 silly reify mark retired [ '/Users/knight/Apps/get-plot/API/node_modules/@sideway/formula' ]
56 silly reify mark retired [ '/Users/knight/Apps/get-plot/API/node_modules/@sinclair/typebox' ]
57 silly reify mark retired [ '/Users/knight/Apps/get-plot/API/node_modules/@sideway/pinpoint' ]
58 silly reify mark retired [ '/Users/knight/Apps/get-plot/API/node_modules/@sinonjs/commons' ]
59 silly reify mark retired [ '/Users/knight/Apps/get-plot/API/node_modules/@so-ric/colorspace' ]
60 silly reify mark retired [ '/Users/knight/Apps/get-plot/API/node_modules/@types/babel__core' ]
61 silly reify mark retired [
61 silly reify   '/Users/knight/Apps/get-plot/API/node_modules/@types/babel__generator'
61 silly reify ]
62 silly reify mark retired [
62 silly reify   '/Users/knight/Apps/get-plot/API/node_modules/@types/babel__template'
62 silly reify ]
63 silly reify mark retired [
63 silly reify   '/Users/knight/Apps/get-plot/API/node_modules/@types/babel__traverse'
63 silly reify ]
64 silly reify mark retired [
64 silly reify   '/Users/knight/Apps/get-plot/API/node_modules/@types/istanbul-lib-report'
64 silly reify ]
65 silly reify mark retired [ '/Users/knight/Apps/get-plot/API/node_modules/@types/node' ]
66 silly reify mark retired [ '/Users/knight/Apps/get-plot/API/node_modules/human-signals' ]
67 silly reify moves {
67 silly reify   '/Users/knight/Apps/get-plot/API/node_modules/babel-plugin-istanbul': '/Users/knight/Apps/get-plot/API/node_modules/.babel-plugin-istanbul-xboplPN5',
67 silly reify   '/Users/knight/Apps/get-plot/API/node_modules/basic-auth': '/Users/knight/Apps/get-plot/API/node_modules/.basic-auth-6qrgsuci',
67 silly reify   '/Users/knight/Apps/get-plot/API/node_modules/body-parser': '/Users/knight/Apps/get-plot/API/node_modules/.body-parser-kxiAGhxB',
67 silly reify   '/Users/knight/Apps/get-plot/API/node_modules/caniuse-lite': '/Users/knight/Apps/get-plot/API/node_modules/.caniuse-lite-KDJoHEws',
67 silly reify   '/Users/knight/Apps/get-plot/API/node_modules/chalk': '/Users/knight/Apps/get-plot/API/node_modules/.chalk-0ti9mx6o',
67 silly reify   '/Users/knight/Apps/get-plot/API/node_modules/chokidar': '/Users/knight/Apps/get-plot/API/node_modules/.chokidar-XRaJqzMN',
67 silly reify   '/Users/knight/Apps/get-plot/API/node_modules/cliui': '/Users/knight/Apps/get-plot/API/node_modules/.cliui-WCuUWYPE',
67 silly reify   '/Users/knight/Apps/get-plot/API/node_modules/color': '/Users/knight/Apps/get-plot/API/node_modules/.color-aTp6qgAs',
67 silly reify   '/Users/knight/Apps/get-plot/API/node_modules/color-string': '/Users/knight/Apps/get-plot/API/node_modules/.color-string-bBkB36VX',
67 silly reify   '/Users/knight/Apps/get-plot/API/node_modules/electron-to-chromium': '/Users/knight/Apps/get-plot/API/node_modules/.electron-to-chromium-hD4ju8PU',
67 silly reify   '/Users/knight/Apps/get-plot/API/node_modules/execa': '/Users/knight/Apps/get-plot/API/node_modules/.execa-Vc4TBkGE',
67 silly reify   '/Users/knight/Apps/get-plot/API/node_modules/express': '/Users/knight/Apps/get-plot/API/node_modules/.express-v85UuF0h',
67 silly reify   '/Users/knight/Apps/get-plot/API/node_modules/finalhandler': '/Users/knight/Apps/get-plot/API/node_modules/.finalhandler-UkzL8qXl',
67 silly reify   '/Users/knight/Apps/get-plot/API/node_modules/fs-minipass': '/Users/knight/Apps/get-plot/API/node_modules/.fs-minipass-Ch5vgdIV',
67 silly reify   '/Users/knight/Apps/get-plot/API/node_modules/gauge': '/Users/knight/Apps/get-plot/API/node_modules/.gauge-Y7TnYEDA',
67 silly reify   '/Users/knight/Apps/get-plot/API/node_modules/istanbul-lib-instrument': '/Users/knight/Apps/get-plot/API/node_modules/.istanbul-lib-instrument-vD4vqu58',
67 silly reify   '/Users/knight/Apps/get-plot/API/node_modules/istanbul-lib-report': '/Users/knight/Apps/get-plot/API/node_modules/.istanbul-lib-report-KY3xv0Rw',
67 silly reify   '/Users/knight/Apps/get-plot/API/node_modules/jest-validate': '/Users/knight/Apps/get-plot/API/node_modules/.jest-validate-oTsjs5KE',
67 silly reify   '/Users/knight/Apps/get-plot/API/node_modules/jest-snapshot': '/Users/knight/Apps/get-plot/API/node_modules/.jest-snapshot-9TobaVLl',
67 silly reify   '/Users/knight/Apps/get-plot/API/node_modules/jsonwebtoken': '/Users/knight/Apps/get-plot/API/node_modules/.jsonwebtoken-uvdTW4hW',
67 silly reify   '/Users/knight/Apps/get-plot/API/node_modules/minizlib': '/Users/knight/Apps/get-plot/API/node_modules/.minizlib-USxqw5zE',
67 silly reify   '/Users/knight/Apps/get-plot/API/node_modules/morgan': '/Users/knight/Apps/get-plot/API/node_modules/.morgan-EZBq7MKY',
67 silly reify   '/Users/knight/Apps/get-plot/API/node_modules/nodemon': '/Users/knight/Apps/get-plot/API/node_modules/.nodemon-xVEc8Unw',
67 silly reify   '/Users/knight/Apps/get-plot/API/node_modules/pkg-dir': '/Users/knight/Apps/get-plot/API/node_modules/.pkg-dir-EcuFaXMw',
67 silly reify   '/Users/knight/Apps/get-plot/API/node_modules/pretty-format': '/Users/knight/Apps/get-plot/API/node_modules/.pretty-format-OnbN4ju0',
67 silly reify   '/Users/knight/Apps/get-plot/API/node_modules/resolve-cwd': '/Users/knight/Apps/get-plot/API/node_modules/.resolve-cwd-LwKN9Agw',
67 silly reify   '/Users/knight/Apps/get-plot/API/node_modules/send': '/Users/knight/Apps/get-plot/API/node_modules/.send-QGiBpnxZ',
67 silly reify   '/Users/knight/Apps/get-plot/API/node_modules/simple-update-notifier': '/Users/knight/Apps/get-plot/API/node_modules/.simple-update-notifier-RdZDucvY',
67 silly reify   '/Users/knight/Apps/get-plot/API/node_modules/stack-utils': '/Users/knight/Apps/get-plot/API/node_modules/.stack-utils-0H4JRDYT',
67 silly reify   '/Users/knight/Apps/get-plot/API/node_modules/tar': '/Users/knight/Apps/get-plot/API/node_modules/.tar-7Jk1xzSv',
67 silly reify   '/Users/knight/Apps/get-plot/API/node_modules/superagent': '/Users/knight/Apps/get-plot/API/node_modules/.superagent-9VtkonzA',
67 silly reify   '/Users/knight/Apps/get-plot/API/node_modules/validator': '/Users/knight/Apps/get-plot/API/node_modules/.validator-OyceHvd2',
67 silly reify   '/Users/knight/Apps/get-plot/API/node_modules/wide-align': '/Users/knight/Apps/get-plot/API/node_modules/.wide-align-toJ2cT1g',
67 silly reify   '/Users/knight/Apps/get-plot/API/node_modules/yargs': '/Users/knight/Apps/get-plot/API/node_modules/.yargs-2WAdpAVR',
67 silly reify   '/Users/knight/Apps/get-plot/API/node_modules/@istanbuljs/load-nyc-config': '/Users/knight/Apps/get-plot/API/node_modules/@istanbuljs/.load-nyc-config-0umPMk6Q',
67 silly reify   '/Users/knight/Apps/get-plot/API/node_modules/@mapbox/node-pre-gyp': '/Users/knight/Apps/get-plot/API/node_modules/@mapbox/.node-pre-gyp-ySynzWEo',
67 silly reify   '/Users/knight/Apps/get-plot/API/node_modules/@redis/client': '/Users/knight/Apps/get-plot/API/node_modules/@redis/.client-w0OGnJbj',
67 silly reify   '/Users/knight/Apps/get-plot/API/node_modules/@sideway/address': '/Users/knight/Apps/get-plot/API/node_modules/@sideway/.address-twzNo20B',
67 silly reify   '/Users/knight/Apps/get-plot/API/node_modules/@sideway/formula': '/Users/knight/Apps/get-plot/API/node_modules/@sideway/.formula-ERrlXB8H',
67 silly reify   '/Users/knight/Apps/get-plot/API/node_modules/@sinclair/typebox': '/Users/knight/Apps/get-plot/API/node_modules/@sinclair/.typebox-XFBCmgsR',
67 silly reify   '/Users/knight/Apps/get-plot/API/node_modules/@sideway/pinpoint': '/Users/knight/Apps/get-plot/API/node_modules/@sideway/.pinpoint-hpe0SONX',
67 silly reify   '/Users/knight/Apps/get-plot/API/node_modules/@sinonjs/commons': '/Users/knight/Apps/get-plot/API/node_modules/@sinonjs/.commons-mzGfpk5Y',
67 silly reify   '/Users/knight/Apps/get-plot/API/node_modules/@so-ric/colorspace': '/Users/knight/Apps/get-plot/API/node_modules/@so-ric/.colorspace-uWoaJfJy',
67 silly reify   '/Users/knight/Apps/get-plot/API/node_modules/@types/babel__core': '/Users/knight/Apps/get-plot/API/node_modules/@types/.babel__core-NbAm3ZtE',
67 silly reify   '/Users/knight/Apps/get-plot/API/node_modules/@types/babel__generator': '/Users/knight/Apps/get-plot/API/node_modules/@types/.babel__generator-grTts8s5',
67 silly reify   '/Users/knight/Apps/get-plot/API/node_modules/@types/babel__template': '/Users/knight/Apps/get-plot/API/node_modules/@types/.babel__template-iKW0Vd5x',
67 silly reify   '/Users/knight/Apps/get-plot/API/node_modules/@types/babel__traverse': '/Users/knight/Apps/get-plot/API/node_modules/@types/.babel__traverse-mG58htnC',
67 silly reify   '/Users/knight/Apps/get-plot/API/node_modules/@types/istanbul-lib-report': '/Users/knight/Apps/get-plot/API/node_modules/@types/.istanbul-lib-report-S20kZgMa',
67 silly reify   '/Users/knight/Apps/get-plot/API/node_modules/@types/node': '/Users/knight/Apps/get-plot/API/node_modules/@types/.node-3lmOtRee',
67 silly reify   '/Users/knight/Apps/get-plot/API/node_modules/human-signals': '/Users/knight/Apps/get-plot/API/node_modules/.human-signals-DwTtNmEE'
67 silly reify }
68 verbose stack Error: ENOTEMPTY: directory not empty, rename '/Users/knight/Apps/get-plot/API/node_modules/babel-plugin-istanbul' -> '/Users/knight/Apps/get-plot/API/node_modules/.babel-plugin-istanbul-xboplPN5'
68 verbose stack     at async Object.rename (node:internal/fs/promises:782:10)
68 verbose stack     at async moveFile (/usr/local/lib/node_modules/npm/node_modules/@npmcli/fs/lib/move-file.js:30:5)
68 verbose stack     at async Promise.allSettled (index 0)
68 verbose stack     at async [reifyPackages] (/usr/local/lib/node_modules/npm/node_modules/@npmcli/arborist/lib/arborist/reify.js:332:11)
68 verbose stack     at async Arborist.reify (/usr/local/lib/node_modules/npm/node_modules/@npmcli/arborist/lib/arborist/reify.js:137:5)
68 verbose stack     at async Install.exec (/usr/local/lib/node_modules/npm/lib/commands/install.js:150:5)
68 verbose stack     at async Npm.exec (/usr/local/lib/node_modules/npm/lib/npm.js:208:9)
68 verbose stack     at async module.exports (/usr/local/lib/node_modules/npm/lib/cli/entry.js:67:5)
69 error code ENOTEMPTY
70 error syscall rename
71 error path /Users/knight/Apps/get-plot/API/node_modules/babel-plugin-istanbul
72 error dest /Users/knight/Apps/get-plot/API/node_modules/.babel-plugin-istanbul-xboplPN5
73 error errno -66
74 error ENOTEMPTY: directory not empty, rename '/Users/knight/Apps/get-plot/API/node_modules/babel-plugin-istanbul' -> '/Users/knight/Apps/get-plot/API/node_modules/.babel-plugin-istanbul-xboplPN5'
75 silly unfinished npm timer reify 1762964494901
76 silly unfinished npm timer reify:retireShallow 1762964499021
77 verbose cwd /Users/knight/Apps/get-plot/API/services/auth-service
78 verbose os Darwin 25.0.0
79 verbose node v20.18.0
80 verbose npm  v11.5.2
81 verbose exit -66
82 verbose code -66
83 error A complete log of this run can be found in: /Users/knight/Apps/get-plot/.npm-cache/_logs/2025-11-12T16_21_31_291Z-debug-0.log
