0 verbose cli /usr/local/bin/node /usr/local/bin/npm
1 info using npm@11.5.2
2 info using node@v20.18.0
3 silly config load:file:/usr/local/lib/node_modules/npm/npmrc
4 info config found workspace root at /Users/knight/Apps/get-plot/API
5 silly config load:file:/Users/knight/Apps/get-plot/API/.npmrc
6 silly config load:file:/Users/knight/.npmrc
7 silly config load:file:/usr/local/etc/npmrc
8 verbose title npm install
9 verbose argv "install"
10 verbose logfile logs-max:10 dir:/Users/knight/Apps/get-plot/.npm-cache/_logs/2025-11-12T15_11_58_674Z-
11 verbose logfile /Users/knight/Apps/get-plot/.npm-cache/_logs/2025-11-12T15_11_58_674Z-debug-0.log
12 silly logfile start cleaning logs, removing 1 files
13 silly logfile done cleaning log files
14 silly packumentCache heap:4345298944 maxSize:1086324736 maxEntrySize:543162368
15 silly idealTree buildDeps
16 silly reify moves {}
17 silly audit bulk request {
17 silly audit   '@getplot/api-gateway': [ '1.0.0' ],
17 silly audit   '@babel/code-frame': [ '7.27.1' ],
17 silly audit   '@babel/compat-data': [ '7.28.5' ],
17 silly audit   '@babel/core': [ '7.28.5' ],
17 silly audit   '@babel/generator': [ '7.28.5' ],
17 silly audit   '@babel/helper-compilation-targets': [ '7.27.2' ],
17 silly audit   '@babel/helper-globals': [ '7.28.0' ],
17 silly audit   '@babel/helper-module-imports': [ '7.27.1' ],
17 silly audit   '@babel/helper-module-transforms': [ '7.28.3' ],
17 silly audit   '@babel/helper-plugin-utils': [ '7.27.1' ],
17 silly audit   '@babel/helper-string-parser': [ '7.27.1' ],
17 silly audit   '@babel/helper-validator-identifier': [ '7.28.5' ],
17 silly audit   '@babel/helper-validator-option': [ '7.27.1' ],
17 silly audit   '@babel/helpers': [ '7.28.4' ],
17 silly audit   '@babel/parser': [ '7.28.5' ],
17 silly audit   '@babel/plugin-syntax-async-generators': [ '7.8.4' ],
17 silly audit   '@babel/plugin-syntax-bigint': [ '7.8.3' ],
17 silly audit   '@babel/plugin-syntax-class-properties': [ '7.12.13' ],
17 silly audit   '@babel/plugin-syntax-class-static-block': [ '7.14.5' ],
17 silly audit   '@babel/plugin-syntax-import-attributes': [ '7.27.1' ],
17 silly audit   '@babel/plugin-syntax-import-meta': [ '7.10.4' ],
17 silly audit   '@babel/plugin-syntax-json-strings': [ '7.8.3' ],
17 silly audit   '@babel/plugin-syntax-jsx': [ '7.27.1' ],
17 silly audit   '@babel/plugin-syntax-logical-assignment-operators': [ '7.10.4' ],
17 silly audit   '@babel/plugin-syntax-nullish-coalescing-operator': [ '7.8.3' ],
17 silly audit   '@babel/plugin-syntax-numeric-separator': [ '7.10.4' ],
17 silly audit   '@babel/plugin-syntax-object-rest-spread': [ '7.8.3' ],
17 silly audit   '@babel/plugin-syntax-optional-catch-binding': [ '7.8.3' ],
17 silly audit   '@babel/plugin-syntax-optional-chaining': [ '7.8.3' ],
17 silly audit   '@babel/plugin-syntax-private-property-in-object': [ '7.14.5' ],
17 silly audit   '@babel/plugin-syntax-top-level-await': [ '7.14.5' ],
17 silly audit   '@babel/plugin-syntax-typescript': [ '7.27.1' ],
17 silly audit   '@babel/template': [ '7.27.2' ],
17 silly audit   '@babel/traverse': [ '7.28.5' ],
17 silly audit   '@babel/types': [ '7.28.5' ],
17 silly audit   '@bcoe/v8-coverage': [ '0.2.3' ],
17 silly audit   '@colors/colors': [ '1.6.0' ],
17 silly audit   '@dabh/diagnostics': [ '2.0.8' ],
17 silly audit   argparse: [ '1.0.10' ],
17 silly audit   'js-yaml': [ '3.14.1' ],
17 silly audit   '@hapi/hoek': [ '9.3.0' ],
17 silly audit   '@hapi/topo': [ '5.1.0' ],
17 silly audit   '@istanbuljs/load-nyc-config': [ '1.1.0' ],
17 silly audit   'find-up': [ '4.1.0' ],
17 silly audit   'locate-path': [ '5.0.0' ],
17 silly audit   'p-limit': [ '2.3.0', '3.1.0' ],
17 silly audit   'p-locate': [ '4.1.0' ],
17 silly audit   'resolve-from': [ '5.0.0' ],
17 silly audit   '@istanbuljs/schema': [ '0.1.3' ],
17 silly audit   '@jest/console': [ '29.7.0' ],
17 silly audit   '@jest/core': [ '29.7.0' ],
17 silly audit   '@jest/environment': [ '29.7.0' ],
17 silly audit   '@jest/expect': [ '29.7.0' ],
17 silly audit   '@jest/expect-utils': [ '29.7.0' ],
17 silly audit   '@jest/fake-timers': [ '29.7.0' ],
17 silly audit   '@jest/globals': [ '29.7.0' ],
17 silly audit   '@jest/reporters': [ '29.7.0' ],
17 silly audit   '@jest/schemas': [ '29.6.3' ],
17 silly audit   '@jest/source-map': [ '29.6.3' ],
17 silly audit   '@jest/test-result': [ '29.7.0' ],
17 silly audit   '@jest/test-sequencer': [ '29.7.0' ],
17 silly audit   '@jest/transform': [ '29.7.0' ],
17 silly audit   '@jest/types': [ '29.6.3' ],
17 silly audit   '@jridgewell/gen-mapping': [ '0.3.13' ],
17 silly audit   '@jridgewell/remapping': [ '2.3.5' ],
17 silly audit   '@jridgewell/resolve-uri': [ '3.1.2' ],
17 silly audit   '@jridgewell/sourcemap-codec': [ '1.5.5' ],
17 silly audit   '@jridgewell/trace-mapping': [ '0.3.31' ],
17 silly audit   '@mapbox/node-pre-gyp': [ '1.0.11' ],
17 silly audit   'make-dir': [ '3.1.0', '4.0.0' ],
17 silly audit   semver: [ '6.3.1', '7.7.3' ],
17 silly audit   '@noble/hashes': [ '1.8.0' ],
17 silly audit   '@paralleldrive/cuid2': [ '2.3.1' ],
17 silly audit   '@redis/bloom': [ '1.2.0' ],
17 silly audit   '@redis/client': [ '1.6.1' ],
17 silly audit   yallist: [ '4.0.0', '3.1.1' ],
17 silly audit   '@redis/graph': [ '1.1.1' ],
17 silly audit   '@redis/json': [ '1.0.7' ],
17 silly audit   '@redis/search': [ '1.2.0' ],
17 silly audit   '@redis/time-series': [ '1.1.0' ],
17 silly audit   '@sideway/address': [ '4.1.5' ],
17 silly audit   '@sideway/formula': [ '3.0.1' ],
17 silly audit   '@sideway/pinpoint': [ '2.0.0' ],
17 silly audit   '@sinclair/typebox': [ '0.27.8' ],
17 silly audit   '@sinonjs/commons': [ '3.0.1' ],
17 silly audit   '@sinonjs/fake-timers': [ '10.3.0' ],
17 silly audit   '@so-ric/colorspace': [ '1.1.6' ],
17 silly audit   '@types/babel__core': [ '7.20.5' ],
17 silly audit   '@types/babel__generator': [ '7.27.0' ],
17 silly audit   '@types/babel__template': [ '7.4.4' ],
17 silly audit   '@types/babel__traverse': [ '7.28.0' ],
17 silly audit   '@types/graceful-fs': [ '4.1.9' ],
17 silly audit   '@types/http-proxy': [ '1.17.17' ],
17 silly audit   '@types/istanbul-lib-coverage': [ '2.0.6' ],
17 silly audit   '@types/istanbul-lib-report': [ '3.0.3' ],
17 silly audit   '@types/istanbul-reports': [ '3.0.4' ],
17 silly audit   '@types/node': [ '24.9.2' ],
17 silly audit   '@types/stack-utils': [ '2.0.3' ],
17 silly audit   '@types/triple-beam': [ '1.3.5' ],
17 silly audit   '@types/yargs': [ '17.0.34' ],
17 silly audit   '@types/yargs-parser': [ '21.0.3' ],
17 silly audit   'brace-expansion': [ '1.1.12' ],
17 silly audit   minimatch: [ '3.1.2' ],
17 silly audit   abbrev: [ '1.1.1' ],
17 silly audit   accepts: [ '1.3.8' ],
17 silly audit   'agent-base': [ '6.0.2' ],
17 silly audit   'ansi-escapes': [ '4.3.2' ],
17 silly audit   'ansi-regex': [ '5.0.1' ],
17 silly audit   'ansi-styles': [ '4.3.0', '5.2.0' ],
17 silly audit   anymatch: [ '3.1.3' ],
17 silly audit   aproba: [ '2.1.0' ],
17 silly audit   'are-we-there-yet': [ '2.0.0' ],
17 silly audit   'array-flatten': [ '1.1.1' ],
17 silly audit   asap: [ '2.0.6' ],
17 silly audit   async: [ '3.2.6' ],
17 silly audit   asynckit: [ '0.4.0' ],
17 silly audit   'form-data': [ '4.0.4' ],
17 silly audit   'babel-jest': [ '29.7.0' ],
17 silly audit   'babel-plugin-istanbul': [ '6.1.1' ],
17 silly audit   'istanbul-lib-instrument': [ '5.2.1', '6.0.3' ],
17 silly audit   'babel-plugin-jest-hoist': [ '29.6.3' ],
17 silly audit   'babel-preset-current-node-syntax': [ '1.2.0' ],
17 silly audit   'babel-preset-jest': [ '29.6.3' ],
17 silly audit   'balanced-match': [ '1.0.2' ],
17 silly audit   'baseline-browser-mapping': [ '2.8.22' ],
17 silly audit   'basic-auth': [ '2.0.1' ],
17 silly audit   'safe-buffer': [ '5.1.2', '5.2.1' ],
17 silly audit   bcrypt: [ '5.1.1' ],
17 silly audit   'binary-extensions': [ '2.3.0' ],
17 silly audit   'body-parser': [ '1.20.3' ],
17 silly audit   debug: [ '2.6.9', '4.4.3' ],
17 silly audit   ms: [ '2.0.0', '2.1.3' ],
17 silly audit   qs: [ '6.13.0', '6.14.0' ],
17 silly audit   braces: [ '3.0.3' ],
17 silly audit   browserslist: [ '4.27.0' ],
17 silly audit   bser: [ '2.1.1' ],
17 silly audit   'buffer-equal-constant-time': [ '1.0.1' ],
17 silly audit   'buffer-from': [ '1.1.2' ],
17 silly audit   bytes: [ '3.1.2' ],
17 silly audit   'call-bind-apply-helpers': [ '1.0.2' ],
17 silly audit   'call-bound': [ '1.0.4' ],
17 silly audit   callsites: [ '3.1.0' ],
17 silly audit   camelcase: [ '5.3.1', '6.3.0' ],
17 silly audit   'caniuse-lite': [ '1.0.30001752' ],
17 silly audit   chalk: [ '4.1.2' ],
17 silly audit   'supports-color': [ '7.2.0', '5.5.0', '8.1.1' ],
17 silly audit   'char-regex': [ '1.0.2' ],
17 silly audit   chokidar: [ '3.6.0' ],
17 silly audit   'glob-parent': [ '5.1.2' ],
17 silly audit   chownr: [ '2.0.0' ],
17 silly audit   'ci-info': [ '3.9.0' ],
17 silly audit   'cjs-module-lexer': [ '1.4.3' ],
17 silly audit   cliui: [ '8.0.1' ],
17 silly audit   'emoji-regex': [ '8.0.0' ],
17 silly audit   'is-fullwidth-code-point': [ '3.0.0' ],
17 silly audit   'string-width': [ '4.2.3' ],
17 silly audit   'wrap-ansi': [ '7.0.0' ],
17 silly audit   'cluster-key-slot': [ '1.1.2' ],
17 silly audit   co: [ '4.6.0' ],
17 silly audit   'collect-v8-coverage': [ '1.0.3' ],
17 silly audit   color: [ '5.0.2' ],
17 silly audit   'color-convert': [ '2.0.1', '3.1.2' ],
17 silly audit   'color-name': [ '1.1.4', '2.0.2' ],
17 silly audit   'color-string': [ '2.1.2' ],
17 silly audit   'color-support': [ '1.1.3' ],
17 silly audit   'combined-stream': [ '1.0.8' ],
17 silly audit   'component-emitter': [ '1.3.1' ],
17 silly audit   'concat-map': [ '0.0.1' ],
17 silly audit   'console-control-strings': [ '1.1.0' ],
17 silly audit   'content-disposition': [ '0.5.4' ],
17 silly audit   'content-type': [ '1.0.5' ],
17 silly audit   'convert-source-map': [ '2.0.0' ],
17 silly audit   cookie: [ '0.7.1' ],
17 silly audit   'cookie-signature': [ '1.0.6' ],
17 silly audit   cookiejar: [ '2.1.4' ],
17 silly audit   cors: [ '2.8.5' ],
17 silly audit   'create-jest': [ '29.7.0' ],
17 silly audit   'cross-spawn': [ '7.0.6' ],
17 silly audit   dedent: [ '1.7.0' ],
17 silly audit   deepmerge: [ '4.3.1' ],
17 silly audit   'delayed-stream': [ '1.0.0' ],
17 silly audit   delegates: [ '1.0.0' ],
17 silly audit   depd: [ '2.0.0' ],
17 silly audit   destroy: [ '1.2.0' ],
17 silly audit   'detect-libc': [ '2.1.2' ],
17 silly audit   'detect-newline': [ '3.1.0' ],
17 silly audit   dezalgo: [ '1.0.4' ],
17 silly audit   'diff-sequences': [ '29.6.3' ],
17 silly audit   dotenv: [ '16.6.1' ],
17 silly audit   'dunder-proto': [ '1.0.1' ],
17 silly audit   'ecdsa-sig-formatter': [ '1.0.11' ],
17 silly audit   'ee-first': [ '1.1.1' ],
17 silly audit   'electron-to-chromium': [ '1.5.244' ],
17 silly audit   emittery: [ '0.13.1' ],
17 silly audit   enabled: [ '2.0.0' ],
17 silly audit   encodeurl: [ '2.0.0', '1.0.2' ],
17 silly audit   'error-ex': [ '1.3.4' ],
17 silly audit   'es-define-property': [ '1.0.1' ],
17 silly audit   'es-errors': [ '1.3.0' ],
17 silly audit   'es-object-atoms': [ '1.1.1' ],
17 silly audit   'es-set-tostringtag': [ '2.1.0' ],
17 silly audit   escalade: [ '3.2.0' ],
17 silly audit   'escape-html': [ '1.0.3' ],
17 silly audit   'escape-string-regexp': [ '2.0.0' ],
17 silly audit   esprima: [ '4.0.1' ],
17 silly audit   etag: [ '1.8.1' ],
17 silly audit   eventemitter3: [ '4.0.7' ],
17 silly audit   execa: [ '5.1.1' ],
17 silly audit   exit: [ '0.1.2' ],
17 silly audit   expect: [ '29.7.0' ],
17 silly audit   express: [ '4.21.2' ],
17 silly audit   'express-rate-limit': [ '7.5.1' ],
17 silly audit   'express-validator': [ '7.3.0' ],
17 silly audit   'fast-json-stable-stringify': [ '2.1.0' ],
17 silly audit   'fast-safe-stringify': [ '2.1.1' ],
17 silly audit   'fb-watchman': [ '2.0.2' ],
17 silly audit   fecha: [ '4.2.3' ],
17 silly audit   'fill-range': [ '7.1.1' ],
17 silly audit   finalhandler: [ '1.3.1' ],
17 silly audit   'fn.name': [ '1.1.0' ],
17 silly audit   'follow-redirects': [ '1.15.11' ],
17 silly audit   formidable: [ '3.5.4' ],
17 silly audit   forwarded: [ '0.2.0' ],
17 silly audit   fresh: [ '0.5.2' ],
17 silly audit   'fs-minipass': [ '2.1.0' ],
17 silly audit   minipass: [ '3.3.6', '5.0.0' ],
17 silly audit   'fs.realpath': [ '1.0.0' ],
17 silly audit   fsevents: [ '2.3.3' ],
17 silly audit   'function-bind': [ '1.1.2' ],
17 silly audit   gauge: [ '3.0.2' ],
17 silly audit   'generic-pool': [ '3.9.0' ],
17 silly audit   gensync: [ '1.0.0-beta.2' ],
17 silly audit   'get-caller-file': [ '2.0.5' ],
17 silly audit   'get-intrinsic': [ '1.3.0' ],
17 silly audit   'get-package-type': [ '0.1.0' ],
17 silly audit   'get-proto': [ '1.0.1' ],
17 silly audit   'get-stream': [ '6.0.1' ],
17 silly audit   glob: [ '7.2.3' ],
17 silly audit   gopd: [ '1.2.0' ],
17 silly audit   'graceful-fs': [ '4.2.11' ],
17 silly audit   'has-flag': [ '4.0.0', '3.0.0' ],
17 silly audit   'has-symbols': [ '1.1.0' ],
17 silly audit   'has-tostringtag': [ '1.0.2' ],
17 silly audit   'has-unicode': [ '2.0.1' ],
17 silly audit   hasown: [ '2.0.2' ],
17 silly audit   helmet: [ '8.1.0' ],
17 silly audit   'html-escaper': [ '2.0.2' ],
17 silly audit   'http-errors': [ '2.0.0' ],
17 silly audit   'http-proxy': [ '1.18.1' ],
17 silly audit   'http-proxy-middleware': [ '3.0.5' ],
17 silly audit   'https-proxy-agent': [ '5.0.1' ],
17 silly audit   'human-signals': [ '2.1.0' ],
17 silly audit   'iconv-lite': [ '0.4.24' ],
17 silly audit   'ignore-by-default': [ '1.0.1' ],
17 silly audit   'import-local': [ '3.2.0' ],
17 silly audit   imurmurhash: [ '0.1.4' ],
17 silly audit   inflight: [ '1.0.6' ],
17 silly audit   inherits: [ '2.0.4' ],
17 silly audit   'ipaddr.js': [ '1.9.1' ],
17 silly audit   'is-arrayish': [ '0.2.1' ],
17 silly audit   'is-binary-path': [ '2.1.0' ],
17 silly audit   'is-core-module': [ '2.16.1' ],
17 silly audit   'is-extglob': [ '2.1.1' ],
17 silly audit   'is-generator-fn': [ '2.1.0' ],
17 silly audit   'is-glob': [ '4.0.3' ],
17 silly audit   'is-number': [ '7.0.0' ],
17 silly audit   'is-plain-object': [ '5.0.0' ],
17 silly audit   'is-stream': [ '2.0.1' ],
17 silly audit   isexe: [ '2.0.0' ],
17 silly audit   'istanbul-lib-coverage': [ '3.2.2' ],
17 silly audit   'istanbul-lib-report': [ '3.0.1' ],
17 silly audit   'istanbul-lib-source-maps': [ '4.0.1' ],
17 silly audit   'istanbul-reports': [ '3.2.0' ],
17 silly audit   jest: [ '29.7.0' ],
17 silly audit   'jest-changed-files': [ '29.7.0' ],
17 silly audit   'jest-circus': [ '29.7.0' ],
17 silly audit   'jest-cli': [ '29.7.0' ],
17 silly audit   'jest-config': [ '29.7.0' ],
17 silly audit   'jest-diff': [ '29.7.0' ],
17 silly audit   'jest-docblock': [ '29.7.0' ],
17 silly audit   'jest-each': [ '29.7.0' ],
17 silly audit   'jest-environment-node': [ '29.7.0' ],
17 silly audit   'jest-get-type': [ '29.6.3' ],
17 silly audit   'jest-haste-map': [ '29.7.0' ],
17 silly audit   'jest-leak-detector': [ '29.7.0' ],
17 silly audit   'jest-matcher-utils': [ '29.7.0' ],
17 silly audit   'jest-message-util': [ '29.7.0' ],
17 silly audit   'jest-mock': [ '29.7.0' ],
17 silly audit   'jest-pnp-resolver': [ '1.2.3' ],
17 silly audit   'jest-regex-util': [ '29.6.3' ],
17 silly audit   'jest-resolve': [ '29.7.0' ],
17 silly audit   'jest-resolve-dependencies': [ '29.7.0' ],
17 silly audit   'jest-runner': [ '29.7.0' ],
17 silly audit   'jest-runtime': [ '29.7.0' ],
17 silly audit   'jest-snapshot': [ '29.7.0' ],
17 silly audit   'jest-util': [ '29.7.0' ],
17 silly audit   'jest-validate': [ '29.7.0' ],
17 silly audit   'jest-watcher': [ '29.7.0' ],
17 silly audit   'jest-worker': [ '29.7.0' ],
17 silly audit   joi: [ '17.13.3' ],
17 silly audit   'js-tokens': [ '4.0.0' ],
17 silly audit   jsesc: [ '3.1.0' ],
17 silly audit   'json-parse-even-better-errors': [ '2.3.1' ],
17 silly audit   json5: [ '2.2.3' ],
17 silly audit   jsonwebtoken: [ '9.0.2' ],
17 silly audit   jwa: [ '1.4.2' ],
17 silly audit   jws: [ '3.2.2' ],
17 silly audit   kleur: [ '3.0.3' ],
17 silly audit   kuler: [ '2.0.0' ],
17 silly audit   leven: [ '3.1.0' ],
17 silly audit   'lines-and-columns': [ '1.2.4' ],
17 silly audit   'mimic-fn': [ '2.1.0' ],
17 silly audit   'npm-run-path': [ '4.0.1' ],
17 silly audit   onetime: [ '5.1.2' ],
17 silly audit   'path-key': [ '3.1.1' ],
17 silly audit   'signal-exit': [ '3.0.7' ],
17 silly audit   'strip-final-newline': [ '2.0.0' ],
17 silly audit   lodash: [ '4.17.21' ],
17 silly audit   'lodash.includes': [ '4.3.0' ],
17 silly audit   'lodash.isboolean': [ '3.0.3' ],
17 silly audit   'lodash.isinteger': [ '4.0.4' ],
17 silly audit   'lodash.isnumber': [ '3.0.3' ],
17 silly audit   'lodash.isplainobject': [ '4.0.6' ],
17 silly audit   'lodash.isstring': [ '4.0.1' ],
17 silly audit   'lodash.once': [ '4.1.1' ],
17 silly audit   'strip-ansi': [ '6.0.1' ],
17 silly audit   logform: [ '2.7.0' ],
17 silly audit   'lru-cache': [ '5.1.1' ],
17 silly audit   makeerror: [ '1.0.12' ],
17 silly audit   'math-intrinsics': [ '1.1.0' ],
17 silly audit   'media-typer': [ '0.3.0' ],
17 silly audit   'merge-descriptors': [ '1.0.3' ],
17 silly audit   'merge-stream': [ '2.0.0' ],
17 silly audit   methods: [ '1.1.2' ],
17 silly audit   micromatch: [ '4.0.8' ],
17 silly audit   mime: [ '1.6.0', '2.6.0' ],
17 silly audit   'mime-db': [ '1.52.0' ],
17 silly audit   'mime-types': [ '2.1.35' ],
17 silly audit   minizlib: [ '2.1.2' ],
17 silly audit   mkdirp: [ '1.0.4' ],
17 silly audit   morgan: [ '1.10.1' ],
17 silly audit   'on-finished': [ '2.3.0', '2.4.1' ],
17 silly audit   'natural-compare': [ '1.4.0' ],
17 silly audit   negotiator: [ '0.6.3' ],
17 silly audit   'node-addon-api': [ '5.1.0' ],
17 silly audit   'node-fetch': [ '2.7.0' ],
17 silly audit   'node-int64': [ '0.4.0' ],
17 silly audit   'node-releases': [ '2.0.27' ],
17 silly audit   nodemon: [ '3.1.10' ],
17 silly audit   nopt: [ '5.0.0' ],
17 silly audit   'normalize-path': [ '3.0.0' ],
17 silly audit   npmlog: [ '5.0.1' ],
17 silly audit   'object-assign': [ '4.1.1' ],
17 silly audit   'object-inspect': [ '1.13.4' ],
17 silly audit   'on-headers': [ '1.1.0' ],
17 silly audit   once: [ '1.4.0' ],
17 silly audit   'one-time': [ '1.0.0' ],
17 silly audit   'p-try': [ '2.2.0' ],
17 silly audit   'parse-json': [ '5.2.0' ],
17 silly audit   parseurl: [ '1.3.3' ],
17 silly audit   'path-exists': [ '4.0.0' ],
17 silly audit   'path-is-absolute': [ '1.0.1' ],
17 silly audit   'path-parse': [ '1.0.7' ],
17 silly audit   'path-to-regexp': [ '0.1.12' ],
17 silly audit   pg: [ '8.16.3' ],
17 silly audit   'pg-cloudflare': [ '1.2.7' ],
17 silly audit   'pg-connection-string': [ '2.9.1' ],
17 silly audit   'pg-int8': [ '1.0.1' ],
17 silly audit   'pg-pool': [ '3.10.1' ],
17 silly audit   'pg-protocol': [ '1.10.3' ],
17 silly audit   'pg-types': [ '2.2.0' ],
17 silly audit   pgpass: [ '1.0.5' ],
17 silly audit   picocolors: [ '1.1.1' ],
17 silly audit   picomatch: [ '2.3.1' ],
17 silly audit   pirates: [ '4.0.7' ],
17 silly audit   'pkg-dir': [ '4.2.0' ],
17 silly audit   'postgres-array': [ '2.0.0' ],
17 silly audit   'postgres-bytea': [ '1.0.0' ],
17 silly audit   'postgres-date': [ '1.0.7' ],
17 silly audit   'postgres-interval': [ '1.2.0' ],
17 silly audit   'pretty-format': [ '29.7.0' ],
17 silly audit   prompts: [ '2.4.2' ],
17 silly audit   'proxy-addr': [ '2.0.7' ],
17 silly audit   'pstree.remy': [ '1.1.8' ],
17 silly audit   'pure-rand': [ '6.1.0' ],
17 silly audit   'range-parser': [ '1.2.1' ],
17 silly audit   'rate-limit-redis': [ '4.2.3' ],
17 silly audit   'raw-body': [ '2.5.2' ],
17 silly audit   'react-is': [ '18.3.1' ],
17 silly audit   'readable-stream': [ '3.6.2' ],
17 silly audit   readdirp: [ '3.6.0' ],
17 silly audit   redis: [ '4.7.1' ],
17 silly audit   'require-directory': [ '2.1.1' ],
17 silly audit   'requires-port': [ '1.0.0' ],
17 silly audit   resolve: [ '1.22.11' ],
17 silly audit   'resolve-cwd': [ '3.0.0' ],
17 silly audit   'resolve.exports': [ '2.0.3' ],
17 silly audit   rimraf: [ '3.0.2' ],
17 silly audit   'safe-stable-stringify': [ '2.5.0' ],
17 silly audit   'safer-buffer': [ '2.1.2' ],
17 silly audit   send: [ '0.19.0' ],
17 silly audit   'serve-static': [ '1.16.2' ],
17 silly audit   'set-blocking': [ '2.0.0' ],
17 silly audit   setprototypeof: [ '1.2.0' ],
17 silly audit   'shebang-command': [ '2.0.0' ],
17 silly audit   'shebang-regex': [ '3.0.0' ],
17 silly audit   'side-channel': [ '1.1.0' ],
17 silly audit   'side-channel-list': [ '1.0.0' ],
17 silly audit   'side-channel-map': [ '1.0.1' ],
17 silly audit   'side-channel-weakmap': [ '1.0.2' ],
17 silly audit   'simple-update-notifier': [ '2.0.0' ],
17 silly audit   sisteransi: [ '1.0.5' ],
17 silly audit   slash: [ '3.0.0' ],
17 silly audit   'source-map': [ '0.6.1' ],
17 silly audit   'source-map-support': [ '0.5.13' ],
17 silly audit   split2: [ '4.2.0' ],
17 silly audit   'sprintf-js': [ '1.0.3' ],
17 silly audit   'stack-trace': [ '0.0.10' ],
17 silly audit   'stack-utils': [ '2.0.6' ],
17 silly audit   statuses: [ '2.0.1' ],
17 silly audit   string_decoder: [ '1.3.0' ],
17 silly audit   'string-length': [ '4.0.2' ],
17 silly audit   'strip-bom': [ '4.0.0' ],
17 silly audit   'strip-json-comments': [ '3.1.1' ],
17 silly audit   superagent: [ '10.2.3' ],
17 silly audit   supertest: [ '7.1.4' ],
17 silly audit   'supports-preserve-symlinks-flag': [ '1.0.0' ],
17 silly audit   tar: [ '6.2.1' ],
17 silly audit   'test-exclude': [ '6.0.0' ],
17 silly audit   'text-hex': [ '1.0.0' ],
17 silly audit   tmpl: [ '1.0.5' ],
17 silly audit   'to-regex-range': [ '5.0.1' ],
17 silly audit   toidentifier: [ '1.0.1' ],
17 silly audit   touch: [ '3.1.1' ],
17 silly audit   tr46: [ '0.0.3' ],
17 silly audit   'triple-beam': [ '1.4.1' ],
17 silly audit   'type-detect': [ '4.0.8' ],
17 silly audit   'type-fest': [ '0.21.3' ],
17 silly audit   'type-is': [ '1.6.18' ],
17 silly audit   undefsafe: [ '2.0.5' ],
17 silly audit   'undici-types': [ '7.16.0' ],
17 silly audit   unpipe: [ '1.0.0' ],
17 silly audit   'update-browserslist-db': [ '1.1.4' ],
17 silly audit   'util-deprecate': [ '1.0.2' ],
17 silly audit   'utils-merge': [ '1.0.1' ],
17 silly audit   uuid: [ '11.1.0' ],
17 silly audit   'v8-to-istanbul': [ '9.3.0' ],
17 silly audit   validator: [ '13.15.20' ],
17 silly audit   vary: [ '1.1.2' ],
17 silly audit   walker: [ '1.0.8' ],
17 silly audit   'webidl-conversions': [ '3.0.1' ],
17 silly audit   'whatwg-url': [ '5.0.0' ],
17 silly audit   which: [ '2.0.2' ],
17 silly audit   'wide-align': [ '1.1.5' ],
17 silly audit   winston: [ '3.18.3' ],
17 silly audit   'winston-transport': [ '4.9.0' ],
17 silly audit   wrappy: [ '1.0.2' ],
17 silly audit   'write-file-atomic': [ '4.0.2' ],
17 silly audit   xtend: [ '4.0.2' ],
17 silly audit   y18n: [ '5.0.8' ],
17 silly audit   yargs: [ '17.7.2' ],
17 silly audit   'yargs-parser': [ '21.1.1' ],
17 silly audit   'yocto-queue': [ '0.1.0' ],
17 silly audit   '@getplot/shared': [ '1.0.0' ]
17 silly audit }
18 http fetch POST 200 https://registry.npmjs.org/-/npm/v1/security/advisories/bulk 8894ms
19 silly audit report {}
