0 verbose cli /usr/local/bin/node /usr/local/bin/npm
1 info using npm@11.5.2
2 info using node@v20.18.0
3 silly config load:file:/usr/local/lib/node_modules/npm/npmrc
4 info config found workspace root at /Users/knight/Apps/get-plot/API
5 silly config load:file:/Users/knight/Apps/get-plot/API/.npmrc
6 silly config load:file:/Users/knight/.npmrc
7 silly config load:file:/usr/local/etc/npmrc
8 verbose title npm install
9 verbose argv "install"
10 verbose logfile logs-max:10 dir:/Users/knight/Apps/get-plot/.npm-cache/_logs/2025-11-12T16_20_47_876Z-
11 verbose logfile /Users/knight/Apps/get-plot/.npm-cache/_logs/2025-11-12T16_20_47_876Z-debug-0.log
12 silly logfile start cleaning logs, removing 4 files
13 silly logfile done cleaning log files
14 silly packumentCache heap:4345298944 maxSize:1086324736 maxEntrySize:543162368
15 verbose shrinkwrap failed to load node_modules/.package-lock.json out of date, updated: node_modules
16 silly idealTree buildDeps
17 silly reify mark retired [ '/Users/knight/Apps/get-plot/API/node_modules/color' ]
18 silly reify mark retired [ '/Users/knight/Apps/get-plot/API/node_modules/color-string' ]
19 silly reify mark retired [ '/Users/knight/Apps/get-plot/API/node_modules/fs-minipass' ]
20 silly reify mark retired [ '/Users/knight/Apps/get-plot/API/node_modules/gauge' ]
21 silly reify mark retired [ '/Users/knight/Apps/get-plot/API/node_modules/jsonwebtoken' ]
22 silly reify mark retired [ '/Users/knight/Apps/get-plot/API/node_modules/minizlib' ]
23 silly reify mark retired [ '/Users/knight/Apps/get-plot/API/node_modules/tar' ]
24 silly reify mark retired [ '/Users/knight/Apps/get-plot/API/node_modules/wide-align' ]
25 silly reify mark retired [ '/Users/knight/Apps/get-plot/API/node_modules/@mapbox/node-pre-gyp' ]
26 silly reify mark retired [ '/Users/knight/Apps/get-plot/API/node_modules/@redis/client' ]
27 silly reify mark retired [ '/Users/knight/Apps/get-plot/API/node_modules/@sideway/address' ]
28 silly reify mark retired [ '/Users/knight/Apps/get-plot/API/node_modules/@sideway/formula' ]
29 silly reify mark retired [ '/Users/knight/Apps/get-plot/API/node_modules/@sideway/pinpoint' ]
30 silly reify mark retired [ '/Users/knight/Apps/get-plot/API/node_modules/@so-ric/colorspace' ]
31 silly reify moves {
31 silly reify   '/Users/knight/Apps/get-plot/API/node_modules/color': '/Users/knight/Apps/get-plot/API/node_modules/.color-aTp6qgAs',
31 silly reify   '/Users/knight/Apps/get-plot/API/node_modules/color-string': '/Users/knight/Apps/get-plot/API/node_modules/.color-string-bBkB36VX',
31 silly reify   '/Users/knight/Apps/get-plot/API/node_modules/fs-minipass': '/Users/knight/Apps/get-plot/API/node_modules/.fs-minipass-Ch5vgdIV',
31 silly reify   '/Users/knight/Apps/get-plot/API/node_modules/gauge': '/Users/knight/Apps/get-plot/API/node_modules/.gauge-Y7TnYEDA',
31 silly reify   '/Users/knight/Apps/get-plot/API/node_modules/jsonwebtoken': '/Users/knight/Apps/get-plot/API/node_modules/.jsonwebtoken-uvdTW4hW',
31 silly reify   '/Users/knight/Apps/get-plot/API/node_modules/minizlib': '/Users/knight/Apps/get-plot/API/node_modules/.minizlib-USxqw5zE',
31 silly reify   '/Users/knight/Apps/get-plot/API/node_modules/tar': '/Users/knight/Apps/get-plot/API/node_modules/.tar-7Jk1xzSv',
31 silly reify   '/Users/knight/Apps/get-plot/API/node_modules/wide-align': '/Users/knight/Apps/get-plot/API/node_modules/.wide-align-toJ2cT1g',
31 silly reify   '/Users/knight/Apps/get-plot/API/node_modules/@mapbox/node-pre-gyp': '/Users/knight/Apps/get-plot/API/node_modules/@mapbox/.node-pre-gyp-ySynzWEo',
31 silly reify   '/Users/knight/Apps/get-plot/API/node_modules/@redis/client': '/Users/knight/Apps/get-plot/API/node_modules/@redis/.client-w0OGnJbj',
31 silly reify   '/Users/knight/Apps/get-plot/API/node_modules/@sideway/address': '/Users/knight/Apps/get-plot/API/node_modules/@sideway/.address-twzNo20B',
31 silly reify   '/Users/knight/Apps/get-plot/API/node_modules/@sideway/formula': '/Users/knight/Apps/get-plot/API/node_modules/@sideway/.formula-ERrlXB8H',
31 silly reify   '/Users/knight/Apps/get-plot/API/node_modules/@sideway/pinpoint': '/Users/knight/Apps/get-plot/API/node_modules/@sideway/.pinpoint-hpe0SONX',
31 silly reify   '/Users/knight/Apps/get-plot/API/node_modules/@so-ric/colorspace': '/Users/knight/Apps/get-plot/API/node_modules/@so-ric/.colorspace-uWoaJfJy'
31 silly reify }
32 verbose stack Error: ENOTEMPTY: directory not empty, rename '/Users/knight/Apps/get-plot/API/node_modules/color' -> '/Users/knight/Apps/get-plot/API/node_modules/.color-aTp6qgAs'
32 verbose stack     at async Object.rename (node:internal/fs/promises:782:10)
32 verbose stack     at async moveFile (/usr/local/lib/node_modules/npm/node_modules/@npmcli/fs/lib/move-file.js:30:5)
32 verbose stack     at async Promise.allSettled (index 0)
32 verbose stack     at async [reifyPackages] (/usr/local/lib/node_modules/npm/node_modules/@npmcli/arborist/lib/arborist/reify.js:332:11)
32 verbose stack     at async Arborist.reify (/usr/local/lib/node_modules/npm/node_modules/@npmcli/arborist/lib/arborist/reify.js:137:5)
32 verbose stack     at async Install.exec (/usr/local/lib/node_modules/npm/lib/commands/install.js:150:5)
32 verbose stack     at async Npm.exec (/usr/local/lib/node_modules/npm/lib/npm.js:208:9)
32 verbose stack     at async module.exports (/usr/local/lib/node_modules/npm/lib/cli/entry.js:67:5)
33 error code ENOTEMPTY
34 error syscall rename
35 error path /Users/knight/Apps/get-plot/API/node_modules/color
36 error dest /Users/knight/Apps/get-plot/API/node_modules/.color-aTp6qgAs
37 error errno -66
38 error ENOTEMPTY: directory not empty, rename '/Users/knight/Apps/get-plot/API/node_modules/color' -> '/Users/knight/Apps/get-plot/API/node_modules/.color-aTp6qgAs'
39 silly unfinished npm timer reify 1762964458877
40 silly unfinished npm timer reify:retireShallow 1762964472282
41 verbose cwd /Users/knight/Apps/get-plot/API/shared
42 verbose os Darwin 25.0.0
43 verbose node v20.18.0
44 verbose npm  v11.5.2
45 verbose exit -66
46 verbose code -66
47 error A complete log of this run can be found in: /Users/knight/Apps/get-plot/.npm-cache/_logs/2025-11-12T16_20_47_876Z-debug-0.log
